#! /usr/bin/vvp
:ivl_version "0.9.7 " "(v0_9_7)";
:vpi_time_precision + 0;
:vpi_module "system";
:vpi_module "v2005_math";
:vpi_module "va_math";
S_0x8e65a18 .scope module, "testbench" "testbench" 2 10;
 .timescale 0 0;
v0x8eae710_0 .var "clk", 0 0;
v0x8eae790_0 .net "led", 0 0, L_0x8eae800; 1 drivers
S_0x8e65e10 .scope module, "Leds1" "PiscaLeds" 2 15, 2 1, S_0x8e65a18;
 .timescale 0 0;
L_0x8eae800 .functor BUFZ 1, v0x8eae710_0, C4<0>, C4<0>, C4<0>;
v0x8e65e90_0 .net "clk", 0 0, v0x8eae710_0; 1 drivers
v0x8eae6b0_0 .alias "led", 0 0, v0x8eae790_0;
    .scope S_0x8e65a18;
T_0 ;
    %set/v v0x8eae710_0, 0, 1;
    %end;
    .thread T_0;
    .scope S_0x8e65a18;
T_1 ;
    %delay 50000, 0;
    %load/v 8, v0x8eae710_0, 1;
    %inv 8, 1;
    %set/v v0x8eae710_0, 8, 1;
    %jmp T_1;
    .thread T_1;
    .scope S_0x8e65a18;
T_2 ;
    %vpi_call 2 20 "$dumpvars";
    %ix/load 0, 1, 0;
    %assign/v0 v0x8eae710_0, 0, 0;
    %delay 100000, 0;
    %vpi_call 2 24 "$finish";
    %end;
    .thread T_2;
# The file index is used to find the file name in the following table.
:file_names 3;
    "N/A";
    "<interactive>";
    "PiscaLeds.v";
