#! /usr/bin/vvp
:ivl_version "0.9.7 " "(v0_9_7)";
:vpi_time_precision + 0;
:vpi_module "system";
:vpi_module "v2005_math";
:vpi_module "va_math";
S_0x9b75e90 .scope module, "test" "test" 2 111;
 .timescale 0 0;
v0x9bbd2c8_0 .net "InTriangle", 0 0, L_0x9bbefd0; 1 drivers
v0x9bbd318_0 .var "PTX", 11 0;
v0x9bbd3d0_0 .var "PTY", 11 0;
v0x9bbd488_0 .var "clk", 0 0;
S_0x9b899b8 .scope module, "P" "PointInTriangle" 2 120, 2 40, S_0x9b75e90;
 .timescale 0 0;
L_0x9bbee60 .functor XNOR 1, L_0x9bbdb50, L_0x9bbe430, C4<0>, C4<0>;
L_0x9bbee98 .functor XNOR 1, L_0x9bbe430, L_0x9bbed28, C4<0>, C4<0>;
L_0x9bbe310 .functor AND 1, L_0x9bbee60, L_0x9bbee98, C4<1>, C4<1>;
v0x9bbca70_0 .var "P1X", 11 0;
v0x9bbcac0_0 .var "P1Y", 11 0;
v0x9bbcb48_0 .var "P2X", 11 0;
v0x9bbcbd0_0 .var "P2Y", 11 0;
v0x9bbcc58_0 .var "P3X", 11 0;
v0x9bbcce0_0 .var "P3Y", 11 0;
v0x9bbcd68_0 .net "PTX", 11 0, v0x9bbd318_0; 1 drivers
v0x9bbcdb8_0 .net "PTY", 11 0, v0x9bbd3d0_0; 1 drivers
v0x9bbce08_0 .net *"_s0", 0 0, L_0x9bbee60; 1 drivers
v0x9bbce68_0 .net *"_s2", 0 0, L_0x9bbee98; 1 drivers
v0x9bbcec8_0 .net *"_s4", 0 0, L_0x9bbe310; 1 drivers
v0x9bbcf28_0 .net/s *"_s6", 0 0, C4<1>; 1 drivers
v0x9bbcfc0_0 .net/s *"_s8", 0 0, C4<0>; 1 drivers
v0x9bbd020_0 .net "clk", 0 0, v0x9bbd488_0; 1 drivers
v0x9bbd080_0 .var "count", 2 0;
v0x9bbd0e0_0 .alias "inTriangle", 0 0, v0x9bbd2c8_0;
v0x9bbd188_0 .net "sin1", 0 0, L_0x9bbdb50; 1 drivers
v0x9bbd1d8_0 .net "sin2", 0 0, L_0x9bbe430; 1 drivers
v0x9bbd278_0 .net "sin3", 0 0, L_0x9bbed28; 1 drivers
E_0x9b61c30 .event edge, v0x9bbd020_0;
L_0x9bbefd0 .functor MUXZ 1, C4<0>, C4<1>, L_0x9bbe310, C4<>;
S_0x9bbc070 .scope module, "S1" "sing" 2 62, 2 2, S_0x9b899b8;
 .timescale 0 0;
v0x9bbc0f0_0 .net/s "Mult1", 22 0, L_0x9bbd738; 1 drivers
v0x9bbc140_0 .net/s "Mult2", 22 0, L_0x9bbd828; 1 drivers
v0x9bbc190_0 .net "P1X", 11 0, v0x9bbca70_0; 1 drivers
v0x9bbc200_0 .net "P1Y", 11 0, v0x9bbcac0_0; 1 drivers
v0x9bbc270_0 .net "P2X", 11 0, v0x9bbcb48_0; 1 drivers
v0x9bbc2e0_0 .net "P2Y", 11 0, v0x9bbcbd0_0; 1 drivers
v0x9bbc370_0 .alias "PTX", 11 0, v0x9bbcd68_0;
v0x9bbc3c0_0 .alias "PTY", 11 0, v0x9bbcdb8_0;
v0x9bbc448_0 .net/s "Sub1", 11 0, L_0x9bbd4d8; 1 drivers
v0x9bbc498_0 .net/s "Sub2", 11 0, L_0x9bbd130; 1 drivers
v0x9bbc4e8_0 .net/s "Sub3", 11 0, L_0x9bbd528; 1 drivers
v0x9bbc538_0 .net/s "Sub4", 11 0, L_0x9bbd5e0; 1 drivers
v0x9bbc5c0_0 .net/s "Sub5", 22 0, L_0x9bbd8e8; 1 drivers
v0x9bbc610_0 .net/s *"_s10", 22 0, L_0x9bbd6e8; 1 drivers
v0x9bbc670_0 .net/s *"_s14", 22 0, L_0x9bbd788; 1 drivers
v0x9bbc6d0_0 .net/s *"_s16", 22 0, L_0x9bbd7d8; 1 drivers
v0x9bbc778_0 .net/s *"_s22", 23 0, L_0x9bbd9a8; 1 drivers
v0x9bbc7d8_0 .net/s *"_s24", 23 0, C4<000000000000000000000000>; 1 drivers
v0x9bbc878_0 .net *"_s26", 0 0, L_0x9bbda68; 1 drivers
v0x9bbc8c8_0 .net/s *"_s28", 0 0, C4<1>; 1 drivers
v0x9bbc828_0 .net/s *"_s30", 0 0, C4<0>; 1 drivers
v0x9bbc970_0 .net/s *"_s8", 22 0, L_0x9bbd698; 1 drivers
v0x9bbca20_0 .alias "sin", 0 0, v0x9bbd188_0;
L_0x9bbd4d8 .arith/sub 12, v0x9bbd318_0, v0x9bbcb48_0;
L_0x9bbd130 .arith/sub 12, v0x9bbcac0_0, v0x9bbcbd0_0;
L_0x9bbd528 .arith/sub 12, v0x9bbca70_0, v0x9bbcb48_0;
L_0x9bbd5e0 .arith/sub 12, v0x9bbd3d0_0, v0x9bbcbd0_0;
L_0x9bbd698 .extend/s 23, L_0x9bbd4d8;
L_0x9bbd6e8 .extend/s 23, L_0x9bbd130;
L_0x9bbd738 .arith/mult 23, L_0x9bbd698, L_0x9bbd6e8;
L_0x9bbd788 .extend/s 23, L_0x9bbd528;
L_0x9bbd7d8 .extend/s 23, L_0x9bbd5e0;
L_0x9bbd828 .arith/mult 23, L_0x9bbd788, L_0x9bbd7d8;
L_0x9bbd8e8 .arith/sub 23, L_0x9bbd738, L_0x9bbd828;
L_0x9bbd9a8 .extend/s 24, L_0x9bbd8e8;
L_0x9bbda68 .cmp/ge.s 24, L_0x9bbd9a8, C4<000000000000000000000000>;
L_0x9bbdb50 .functor MUXZ 1, C4<0>, C4<1>, L_0x9bbda68, C4<>;
S_0x9bbb700 .scope module, "S2" "sing" 2 63, 2 2, S_0x9b899b8;
 .timescale 0 0;
v0x9bbb780_0 .net/s "Mult1", 22 0, L_0x9bbdf38; 1 drivers
v0x9bbb7d0_0 .net/s "Mult2", 22 0, L_0x9bbe108; 1 drivers
v0x9bbb820_0 .alias "P1X", 11 0, v0x9bbc270_0;
v0x9bbb880_0 .alias "P1Y", 11 0, v0x9bbc2e0_0;
v0x9bbb8d0_0 .net "P2X", 11 0, v0x9bbcc58_0; 1 drivers
v0x9bbb920_0 .net "P2Y", 11 0, v0x9bbcce0_0; 1 drivers
v0x9bbb9b0_0 .alias "PTX", 11 0, v0x9bbcd68_0;
v0x9bbba20_0 .alias "PTY", 11 0, v0x9bbcdb8_0;
v0x9bbba70_0 .net/s "Sub1", 11 0, L_0x9bbdc88; 1 drivers
v0x9bbbac0_0 .net/s "Sub2", 11 0, L_0x9bbdcd8; 1 drivers
v0x9bbbb10_0 .net/s "Sub3", 11 0, L_0x9bbdd28; 1 drivers
v0x9bbbb60_0 .net/s "Sub4", 11 0, L_0x9bbdde0; 1 drivers
v0x9bbbbb0_0 .net/s "Sub5", 22 0, L_0x9bbe1c8; 1 drivers
v0x9bbbc10_0 .net/s *"_s10", 22 0, L_0x9bbdee8; 1 drivers
v0x9bbbc70_0 .net/s *"_s14", 22 0, L_0x9bbdff8; 1 drivers
v0x9bbbcd0_0 .net/s *"_s16", 22 0, L_0x9bbe080; 1 drivers
v0x9bbbd78_0 .net/s *"_s22", 23 0, L_0x9bbe288; 1 drivers
v0x9bbbdd8_0 .net/s *"_s24", 23 0, C4<000000000000000000000000>; 1 drivers
v0x9bbbe78_0 .net *"_s26", 0 0, L_0x9bbe348; 1 drivers
v0x9bbbec8_0 .net/s *"_s28", 0 0, C4<1>; 1 drivers
v0x9bbbe28_0 .net/s *"_s30", 0 0, C4<0>; 1 drivers
v0x9bbbf70_0 .net/s *"_s8", 22 0, L_0x9bbde98; 1 drivers
v0x9bbc020_0 .alias "sin", 0 0, v0x9bbd1d8_0;
L_0x9bbdc88 .arith/sub 12, v0x9bbd318_0, v0x9bbcc58_0;
L_0x9bbdcd8 .arith/sub 12, v0x9bbcbd0_0, v0x9bbcce0_0;
L_0x9bbdd28 .arith/sub 12, v0x9bbcb48_0, v0x9bbcc58_0;
L_0x9bbdde0 .arith/sub 12, v0x9bbd3d0_0, v0x9bbcce0_0;
L_0x9bbde98 .extend/s 23, L_0x9bbdc88;
L_0x9bbdee8 .extend/s 23, L_0x9bbdcd8;
L_0x9bbdf38 .arith/mult 23, L_0x9bbde98, L_0x9bbdee8;
L_0x9bbdff8 .extend/s 23, L_0x9bbdd28;
L_0x9bbe080 .extend/s 23, L_0x9bbdde0;
L_0x9bbe108 .arith/mult 23, L_0x9bbdff8, L_0x9bbe080;
L_0x9bbe1c8 .arith/sub 23, L_0x9bbdf38, L_0x9bbe108;
L_0x9bbe288 .extend/s 24, L_0x9bbe1c8;
L_0x9bbe348 .cmp/ge.s 24, L_0x9bbe288, C4<000000000000000000000000>;
L_0x9bbe430 .functor MUXZ 1, C4<0>, C4<1>, L_0x9bbe348, C4<>;
S_0x9b8b900 .scope module, "S3" "sing" 2 64, 2 2, S_0x9b899b8;
 .timescale 0 0;
v0x9b8c230_0 .net/s "Mult1", 22 0, L_0x9bbe818; 1 drivers
v0x9bbad28_0 .net/s "Mult2", 22 0, L_0x9bbe9b0; 1 drivers
v0x9bbad88_0 .alias "P1X", 11 0, v0x9bbb8d0_0;
v0x9bbade8_0 .alias "P1Y", 11 0, v0x9bbb920_0;
v0x9bbae50_0 .alias "P2X", 11 0, v0x9bbc190_0;
v0x9bbaeb0_0 .alias "P2Y", 11 0, v0x9bbc200_0;
v0x9bbaf30_0 .alias "PTX", 11 0, v0x9bbcd68_0;
v0x9bbaf90_0 .alias "PTY", 11 0, v0x9bbcdb8_0;
v0x9bbb018_0 .net/s "Sub1", 11 0, L_0x9bbe568; 1 drivers
v0x9bbb078_0 .net/s "Sub2", 11 0, L_0x9bbe620; 1 drivers
v0x9bbb108_0 .net/s "Sub3", 11 0, L_0x9bbe6d8; 1 drivers
v0x9bbb168_0 .net/s "Sub4", 11 0, L_0x9bbe728; 1 drivers
v0x9bbb200_0 .net/s "Sub5", 22 0, L_0x9bbea70; 1 drivers
v0x9bbb260_0 .net/s *"_s10", 22 0, L_0x9bbe7c8; 1 drivers
v0x9bbb300_0 .net/s *"_s14", 22 0, L_0x9bbe8a0; 1 drivers
v0x9bbb360_0 .net/s *"_s16", 22 0, L_0x9bbe928; 1 drivers
v0x9bbb408_0 .net/s *"_s22", 23 0, L_0x9bbeb30; 1 drivers
v0x9bbb468_0 .net/s *"_s24", 23 0, C4<000000000000000000000000>; 1 drivers
v0x9bbb508_0 .net *"_s26", 0 0, L_0x9bbebf0; 1 drivers
v0x9bbb558_0 .net/s *"_s28", 0 0, C4<1>; 1 drivers
v0x9bbb4b8_0 .net/s *"_s30", 0 0, C4<0>; 1 drivers
v0x9bbb600_0 .net/s *"_s8", 22 0, L_0x9bbe778; 1 drivers
v0x9bbb6b0_0 .alias "sin", 0 0, v0x9bbd278_0;
L_0x9bbe568 .arith/sub 12, v0x9bbd318_0, v0x9bbca70_0;
L_0x9bbe620 .arith/sub 12, v0x9bbcce0_0, v0x9bbcac0_0;
L_0x9bbe6d8 .arith/sub 12, v0x9bbcc58_0, v0x9bbca70_0;
L_0x9bbe728 .arith/sub 12, v0x9bbd3d0_0, v0x9bbcac0_0;
L_0x9bbe778 .extend/s 23, L_0x9bbe568;
L_0x9bbe7c8 .extend/s 23, L_0x9bbe620;
L_0x9bbe818 .arith/mult 23, L_0x9bbe778, L_0x9bbe7c8;
L_0x9bbe8a0 .extend/s 23, L_0x9bbe6d8;
L_0x9bbe928 .extend/s 23, L_0x9bbe728;
L_0x9bbe9b0 .arith/mult 23, L_0x9bbe8a0, L_0x9bbe928;
L_0x9bbea70 .arith/sub 23, L_0x9bbe818, L_0x9bbe9b0;
L_0x9bbeb30 .extend/s 24, L_0x9bbea70;
L_0x9bbebf0 .cmp/ge.s 24, L_0x9bbeb30, C4<000000000000000000000000>;
L_0x9bbed28 .functor MUXZ 1, C4<0>, C4<1>, L_0x9bbebf0, C4<>;
    .scope S_0x9b899b8;
T_0 ;
    %set/v v0x9bbd080_0, 0, 3;
    %end;
    .thread T_0;
    .scope S_0x9b899b8;
T_1 ;
    %wait E_0x9b61c30;
    %load/v 8, v0x9bbd080_0, 3;
    %mov 11, 0, 1;
    %cmpi/u 8, 0, 4;
    %jmp/0xz  T_1.0, 4;
    %movi 8, 4090, 12;
    %set/v v0x9bbca70_0, 8, 12;
    %set/v v0x9bbcac0_0, 1, 12;
    %movi 20, 3, 12;
    %set/v v0x9bbcb48_0, 20, 12;
    %movi 20, 3, 12;
    %set/v v0x9bbcbd0_0, 20, 12;
    %movi 20, 3, 12;
    %set/v v0x9bbcc58_0, 20, 12;
    %movi 20, 4093, 12;
    %set/v v0x9bbcce0_0, 20, 12;
    %load/v 32, v0x9bbd080_0, 3;
    %mov 35, 0, 29;
    %addi 32, 1, 32;
    %ix/load 0, 3, 0;
    %assign/v0 v0x9bbd080_0, 0, 32;
T_1.0 ;
    %load/v 8, v0x9bbd080_0, 3;
    %mov 11, 0, 1;
    %cmpi/u 8, 1, 4;
    %jmp/0xz  T_1.2, 4;
    %movi 8, 20, 12;
    %set/v v0x9bbca70_0, 8, 12;
    %movi 8, 4094, 12;
    %set/v v0x9bbcac0_0, 8, 12;
    %set/v v0x9bbcb48_0, 1, 12;
    %movi 20, 8, 12;
    %set/v v0x9bbcbd0_0, 20, 12;
    %movi 20, 20, 12;
    %set/v v0x9bbcc58_0, 20, 12;
    %movi 20, 12, 12;
    %set/v v0x9bbcce0_0, 20, 12;
    %load/v 20, v0x9bbd080_0, 3;
    %mov 23, 0, 29;
    %addi 20, 1, 32;
    %ix/load 0, 3, 0;
    %assign/v0 v0x9bbd080_0, 0, 20;
T_1.2 ;
    %load/v 8, v0x9bbd080_0, 3;
    %mov 11, 0, 1;
    %cmpi/u 8, 2, 4;
    %jmp/0xz  T_1.4, 4;
    %movi 8, 4079, 12;
    %set/v v0x9bbca70_0, 8, 12;
    %movi 20, 4092, 12;
    %set/v v0x9bbcac0_0, 20, 12;
    %movi 32, 5, 12;
    %set/v v0x9bbcb48_0, 32, 12;
    %movi 32, 15, 12;
    %set/v v0x9bbcbd0_0, 32, 12;
    %movi 32, 4053, 12;
    %set/v v0x9bbcc58_0, 32, 12;
    %movi 44, 20, 12;
    %set/v v0x9bbcce0_0, 44, 12;
    %ix/load 0, 3, 0;
    %assign/v0 v0x9bbd080_0, 0, 0;
T_1.4 ;
    %jmp T_1;
    .thread T_1, $push;
    .scope S_0x9b75e90;
T_2 ;
    %vpi_call 2 124 "$dumpvars", 1'sb0, S_0x9b899b8;
    %delay 1, 0;
    %ix/load 0, 1, 0;
    %assign/v0 v0x9bbd488_0, 0, 1;
    %movi 8, 4093, 12;
    %ix/load 0, 12, 0;
    %assign/v0 v0x9bbd318_0, 0, 8;
    %movi 20, 3, 12;
    %ix/load 0, 12, 0;
    %assign/v0 v0x9bbd3d0_0, 0, 20;
    %delay 1, 0;
    %movi 8, 4082, 12;
    %ix/load 0, 12, 0;
    %assign/v0 v0x9bbd318_0, 0, 8;
    %movi 20, 12, 12;
    %ix/load 0, 12, 0;
    %assign/v0 v0x9bbd3d0_0, 0, 20;
    %delay 10, 0;
    %delay 1, 0;
    %ix/load 0, 1, 0;
    %assign/v0 v0x9bbd488_0, 0, 0;
    %movi 8, 4093, 12;
    %ix/load 0, 12, 0;
    %assign/v0 v0x9bbd318_0, 0, 8;
    %movi 20, 3, 12;
    %ix/load 0, 12, 0;
    %assign/v0 v0x9bbd3d0_0, 0, 20;
    %delay 1, 0;
    %movi 8, 4082, 12;
    %ix/load 0, 12, 0;
    %assign/v0 v0x9bbd318_0, 0, 8;
    %movi 20, 12, 12;
    %ix/load 0, 12, 0;
    %assign/v0 v0x9bbd3d0_0, 0, 20;
    %delay 10, 0;
    %delay 1, 0;
    %ix/load 0, 1, 0;
    %assign/v0 v0x9bbd488_0, 0, 1;
    %movi 8, 4093, 12;
    %ix/load 0, 12, 0;
    %assign/v0 v0x9bbd318_0, 0, 8;
    %movi 20, 3, 12;
    %ix/load 0, 12, 0;
    %assign/v0 v0x9bbd3d0_0, 0, 20;
    %delay 1, 0;
    %movi 8, 4082, 12;
    %ix/load 0, 12, 0;
    %assign/v0 v0x9bbd318_0, 0, 8;
    %movi 20, 12, 12;
    %ix/load 0, 12, 0;
    %assign/v0 v0x9bbd3d0_0, 0, 20;
    %delay 10, 0;
    %vpi_call 2 151 "$finish";
    %end;
    .thread T_2;
# The file index is used to find the file name in the following table.
:file_names 3;
    "N/A";
    "<interactive>";
    "triangulo.v";
